Mobile App Test/Library/Bee/Android/Prj/Mono2x/Gradle/launcher/build/intermediates/manifest_merge_blame_file/debug/manifest-merger-blame-debug-report.txt
1<?xml version="1.0" encoding="utf-8"?>
2<manifest xmlns:android="http://schemas.android.com/apk/res/android"
3    package="com.DefaultCompany.com.unity.template.mobile2D"
4    android:installLocation="preferExternal"
5    android:versionCode="1"
6    android:versionName="1.0.2" >
7
8    <uses-sdk
9        android:minSdkVersion="22"
9-->src\main\AndroidManifest.xml
10        android:targetSdkVersion="30" />
10-->src\main\AndroidManifest.xml
11
12    <supports-screens
12-->src\main\AndroidManifest.xml:3:3-163
13        android:anyDensity="true"
13-->src\main\AndroidManifest.xml:3:135-160
14        android:largeScreens="true"
14-->src\main\AndroidManifest.xml:3:78-105
15        android:normalScreens="true"
15-->src\main\AndroidManifest.xml:3:49-77
16        android:smallScreens="true"
16-->src\main\AndroidManifest.xml:3:21-48
17        android:xlargeScreens="true" />
17-->src\main\AndroidManifest.xml:3:106-134
18
19    <uses-feature android:glEsVersion="0x00030000" />
19-->[:unityLibrary] AndroidManifest.xml:12:5-54
19-->[:unityLibrary] AndroidManifest.xml:12:19-51
20    <uses-feature
20-->[:unityLibrary] AndroidManifest.xml:13:5-15:36
21        android:name="android.hardware.vulkan.version"
21-->[:unityLibrary] AndroidManifest.xml:14:9-55
22        android:required="false" />
22-->[:unityLibrary] AndroidManifest.xml:15:9-33
23
24    <uses-permission android:name="android.permission.INTERNET" />
24-->[:unityLibrary] AndroidManifest.xml:17:5-67
24-->[:unityLibrary] AndroidManifest.xml:17:22-64
25    <uses-permission android:name="android.permission.ACCESS_NETWORK_STATE" />
25-->[:unityLibrary] AndroidManifest.xml:18:5-79
25-->[:unityLibrary] AndroidManifest.xml:18:22-76
26    <uses-permission android:name="android.permission.CAMERA" />
26-->[:unityLibrary] AndroidManifest.xml:19:5-65
26-->[:unityLibrary] AndroidManifest.xml:19:22-62
27
28    <uses-feature
28-->[:unityLibrary] AndroidManifest.xml:21:5-23:36
29        android:name="android.hardware.camera"
29-->[:unityLibrary] AndroidManifest.xml:22:9-47
30        android:required="false" />
30-->[:unityLibrary] AndroidManifest.xml:23:9-33
31    <uses-feature
31-->[:unityLibrary] AndroidManifest.xml:24:5-26:36
32        android:name="android.hardware.camera.autofocus"
32-->[:unityLibrary] AndroidManifest.xml:25:9-57
33        android:required="false" />
33-->[:unityLibrary] AndroidManifest.xml:26:9-33
34    <uses-feature
34-->[:unityLibrary] AndroidManifest.xml:27:5-29:36
35        android:name="android.hardware.camera.front"
35-->[:unityLibrary] AndroidManifest.xml:28:9-53
36        android:required="false" />
36-->[:unityLibrary] AndroidManifest.xml:29:9-33
37    <uses-feature
37-->[:unityLibrary] AndroidManifest.xml:30:5-32:36
38        android:name="android.hardware.touchscreen"
38-->[:unityLibrary] AndroidManifest.xml:31:9-52
39        android:required="false" />
39-->[:unityLibrary] AndroidManifest.xml:32:9-33
40    <uses-feature
40-->[:unityLibrary] AndroidManifest.xml:33:5-35:36
41        android:name="android.hardware.touchscreen.multitouch"
41-->[:unityLibrary] AndroidManifest.xml:34:9-63
42        android:required="false" />
42-->[:unityLibrary] AndroidManifest.xml:35:9-33
43    <uses-feature
43-->[:unityLibrary] AndroidManifest.xml:36:5-38:36
44        android:name="android.hardware.touchscreen.multitouch.distinct"
44-->[:unityLibrary] AndroidManifest.xml:37:9-72
45        android:required="false" />
45-->[:unityLibrary] AndroidManifest.xml:38:9-33
46
47    <uses-permission android:name="android.permission.POST_NOTIFICATIONS" />
47-->[:unityLibrary] AndroidManifest.xml:40:5-77
47-->[:unityLibrary] AndroidManifest.xml:40:22-74
48
49    <application
49-->src\main\AndroidManifest.xml:4:3-83
50        android:debuggable="true"
51        android:extractNativeLibs="true"
51-->[:unityLibrary] AndroidManifest.xml:42:18-50
52        android:icon="@mipmap/app_icon"
52-->src\main\AndroidManifest.xml:4:49-80
53        android:label="@string/app_name" >
53-->src\main\AndroidManifest.xml:4:16-48
54        <activity
54-->[:unityLibrary] AndroidManifest.xml:43:9-63:20
55            android:name="com.unity3d.player.UnityPlayerActivity"
55-->[:unityLibrary] AndroidManifest.xml:44:13-66
56            android:configChanges="mcc|mnc|locale|touchscreen|keyboard|keyboardHidden|navigation|orientation|screenLayout|uiMode|screenSize|smallestScreenSize|fontScale|layoutDirection|density"
56-->[:unityLibrary] AndroidManifest.xml:45:13-194
57            android:hardwareAccelerated="false"
57-->[:unityLibrary] AndroidManifest.xml:46:13-48
58            android:launchMode="singleTask"
58-->[:unityLibrary] AndroidManifest.xml:47:13-44
59            android:resizeableActivity="false"
59-->[:unityLibrary] AndroidManifest.xml:48:13-47
60            android:screenOrientation="portrait"
60-->[:unityLibrary] AndroidManifest.xml:49:13-49
61            android:theme="@style/UnityThemeSelector" >
61-->[:unityLibrary] AndroidManifest.xml:50:13-54
62            <intent-filter>
62-->[:unityLibrary] AndroidManifest.xml:51:13-55:29
63                <action android:name="android.intent.action.MAIN" />
63-->[:unityLibrary] AndroidManifest.xml:52:17-69
63-->[:unityLibrary] AndroidManifest.xml:52:25-66
64
65                <category android:name="android.intent.category.LAUNCHER" />
65-->[:unityLibrary] AndroidManifest.xml:54:17-77
65-->[:unityLibrary] AndroidManifest.xml:54:27-74
66            </intent-filter>
67
68            <meta-data
68-->[:unityLibrary] AndroidManifest.xml:57:13-59:40
69                android:name="unityplayer.UnityActivity"
69-->[:unityLibrary] AndroidManifest.xml:58:17-57
70                android:value="true" />
70-->[:unityLibrary] AndroidManifest.xml:59:17-37
71            <meta-data
71-->[:unityLibrary] AndroidManifest.xml:60:13-62:40
72                android:name="android.notch_support"
72-->[:unityLibrary] AndroidManifest.xml:61:17-53
73                android:value="true" />
73-->[:unityLibrary] AndroidManifest.xml:62:17-37
74        </activity>
75
76        <meta-data
76-->[:unityLibrary] AndroidManifest.xml:65:9-67:33
77            android:name="unity.splash-mode"
77-->[:unityLibrary] AndroidManifest.xml:66:13-45
78            android:value="0" />
78-->[:unityLibrary] AndroidManifest.xml:67:13-30
79        <meta-data
79-->[:unityLibrary] AndroidManifest.xml:68:9-70:36
80            android:name="unity.splash-enable"
80-->[:unityLibrary] AndroidManifest.xml:69:13-47
81            android:value="True" />
81-->[:unityLibrary] AndroidManifest.xml:70:13-33
82        <meta-data
82-->[:unityLibrary] AndroidManifest.xml:71:9-73:36
83            android:name="unity.launch-fullscreen"
83-->[:unityLibrary] AndroidManifest.xml:72:13-51
84            android:value="True" />
84-->[:unityLibrary] AndroidManifest.xml:73:13-33
85        <meta-data
85-->[:unityLibrary] AndroidManifest.xml:74:9-76:37
86            android:name="unity.allow-resizable-window"
86-->[:unityLibrary] AndroidManifest.xml:75:13-56
87            android:value="False" />
87-->[:unityLibrary] AndroidManifest.xml:76:13-34
88        <meta-data
88-->[:unityLibrary] AndroidManifest.xml:77:9-79:50
89            android:name="notch.config"
89-->[:unityLibrary] AndroidManifest.xml:78:13-40
90            android:value="portrait|landscape" />
90-->[:unityLibrary] AndroidManifest.xml:79:13-47
91
92        <receiver
92-->[:unityLibrary] AndroidManifest.xml:81:9-83:40
93            android:name="com.unity.androidnotifications.UnityNotificationManager"
93-->[:unityLibrary] AndroidManifest.xml:82:13-83
94            android:exported="false" />
94-->[:unityLibrary] AndroidManifest.xml:83:13-37
95        <receiver
95-->[:unityLibrary] AndroidManifest.xml:84:9-91:20
96            android:name="com.unity.androidnotifications.UnityNotificationRestartOnBootReceiver"
96-->[:unityLibrary] AndroidManifest.xml:85:13-97
97            android:enabled="false"
97-->[:unityLibrary] AndroidManifest.xml:86:13-36
98            android:exported="false" >
98-->[:unityLibrary] AndroidManifest.xml:87:13-37
99            <intent-filter>
99-->[:unityLibrary] AndroidManifest.xml:88:13-90:29
100                <action android:name="android.intent.action.BOOT_COMPLETED" />
100-->[:unityLibrary] AndroidManifest.xml:89:17-79
100-->[:unityLibrary] AndroidManifest.xml:89:25-76
101            </intent-filter>
102        </receiver>
103
104        <meta-data
104-->[:unityLibrary] AndroidManifest.xml:93:9-95:33
105            android:name="com.unity.androidnotifications.exact_scheduling"
105-->[:unityLibrary] AndroidManifest.xml:94:13-75
106            android:value="0" />
106-->[:unityLibrary] AndroidManifest.xml:95:13-30
107    </application>
108
109</manifest>